<?xml version="1.0" encoding="utf-8"?>
<test-run id="2" name="Open-Lab-04.03.dll" fullname="C:/Users/onkom/source/repos/Open-Lab-04.03/Open-Lab-04.03/bin/Debug/netcoreapp3.0/Open-Lab-04.03.dll" testcasecount="100" result="Passed" start-time="2021-11-05 07:46:56Z" end-time="2021-11-05 07:46:56Z" duration="0.242989" total="100" passed="100" failed="0" inconclusive="0" skipped="0" asserts="100" random-seed="1950730949">
  <command-line><![CDATA[C:\Users\onkom\source\repos\Open-Lab-04.03\Open-Lab-04.03\bin\Debug\netcoreapp3.0\Open-Lab-04.03.dll]]></command-line>
  <filter />
  <test-suite type="Assembly" id="1102" name="Open-Lab-04.03.dll" fullname="C:/Users/onkom/source/repos/Open-Lab-04.03/Open-Lab-04.03/bin/Debug/netcoreapp3.0/Open-Lab-04.03.dll" runstate="Runnable" testcasecount="100" result="Passed" start-time="2021-11-05 07:46:56Z" end-time="2021-11-05 07:46:56Z" duration="0.242989" total="100" passed="100" failed="0" warnings="0" inconclusive="0" skipped="0" asserts="100">
    <environment framework-version="3.12.0.0" clr-version="3.1.19" os-version="Microsoft Windows 10.0.19042" platform="Win32NT" cwd="C:\Users\onkom\source\repos\Open-Lab-04.03\Open-Lab-04.03\bin\Debug\netcoreapp3.0" machine-name="DESKTOP-7OQAPDJ" user="onkom" user-domain="DESKTOP-7OQAPDJ" culture="en-US" uiculture="en-US" os-architecture="x64" />
    <settings>
      <setting name="WorkDirectory" value="C:\Users\onkom\source\repos\Open-Lab-04.03\Open-Lab-04.03\bin\Debug\netcoreapp3.0" />
      <setting name="NumberOfTestWorkers" value="4" />
    </settings>
    <properties>
      <property name="_PID" value="18204" />
      <property name="_APPDOMAIN" value="Open-Lab-04.03" />
    </properties>
    <test-suite type="TestSuite" id="1103" name="Open_Lab_04" fullname="Open_Lab_04" runstate="Runnable" testcasecount="100" result="Passed" start-time="2021-11-05 07:46:56Z" end-time="2021-11-05 07:46:56Z" duration="0.215064" total="100" passed="100" failed="0" warnings="0" inconclusive="0" skipped="0" asserts="100">
      <test-suite type="TestSuite" id="1104" name="_03" fullname="Open_Lab_04._03" runstate="Runnable" testcasecount="100" result="Passed" start-time="2021-11-05 07:46:56Z" end-time="2021-11-05 07:46:56Z" duration="0.211086" total="100" passed="100" failed="0" warnings="0" inconclusive="0" skipped="0" asserts="100">
        <test-suite type="TestFixture" id="1000" name="Tests" fullname="Open_Lab_04._03.Tests" classname="Open_Lab_04._03.Tests" runstate="Runnable" testcasecount="100" result="Passed" start-time="2021-11-05 07:46:56Z" end-time="2021-11-05 07:46:56Z" duration="0.198814" total="100" passed="100" failed="0" warnings="0" inconclusive="0" skipped="0" asserts="100">
          <test-suite type="ParameterizedMethod" id="1101" name="RemoveFirstLastTest" fullname="Open_Lab_04._03.Tests.RemoveFirstLastTest" classname="Open_Lab_04._03.Tests" runstate="Runnable" testcasecount="100" result="Passed" start-time="2021-11-05 07:46:56Z" end-time="2021-11-05 07:46:56Z" duration="0.172838" total="100" passed="100" failed="0" warnings="0" inconclusive="0" skipped="0" asserts="100">
            <test-case id="1001" name="RemoveFirstLastTest(&quot;hello&quot;,&quot;ell&quot;)" fullname="Open_Lab_04._03.Tests.RemoveFirstLastTest(&quot;hello&quot;,&quot;ell&quot;)" methodname="RemoveFirstLastTest" classname="Open_Lab_04._03.Tests" runstate="Runnable" seed="1008776169" result="Passed" start-time="2021-11-05 07:46:56Z" end-time="2021-11-05 07:46:56Z" duration="0.059006" asserts="1" />
            <test-case id="1002" name="RemoveFirstLastTest(&quot;maybe&quot;,&quot;ayb&quot;)" fullname="Open_Lab_04._03.Tests.RemoveFirstLastTest(&quot;maybe&quot;,&quot;ayb&quot;)" methodname="RemoveFirstLastTest" classname="Open_Lab_04._03.Tests" runstate="Runnable" seed="270447196" result="Passed" start-time="2021-11-05 07:46:56Z" end-time="2021-11-05 07:46:56Z" duration="0.000352" asserts="1" />
            <test-case id="1003" name="RemoveFirstLastTest(&quot;benefit&quot;,&quot;enefi&quot;)" fullname="Open_Lab_04._03.Tests.RemoveFirstLastTest(&quot;benefit&quot;,&quot;enefi&quot;)" methodname="RemoveFirstLastTest" classname="Open_Lab_04._03.Tests" runstate="Runnable" seed="1554484040" result="Passed" start-time="2021-11-05 07:46:56Z" end-time="2021-11-05 07:46:56Z" duration="0.000257" asserts="1" />
            <test-case id="1004" name="RemoveFirstLastTest(&quot;&quot;,&quot;&quot;)" fullname="Open_Lab_04._03.Tests.RemoveFirstLastTest(&quot;&quot;,&quot;&quot;)" methodname="RemoveFirstLastTest" classname="Open_Lab_04._03.Tests" runstate="Runnable" seed="167637966" result="Passed" start-time="2021-11-05 07:46:56Z" end-time="2021-11-05 07:46:56Z" duration="0.000253" asserts="1" />
            <test-case id="1005" name="RemoveFirstLastTest(&quot;a&quot;,&quot;a&quot;)" fullname="Open_Lab_04._03.Tests.RemoveFirstLastTest(&quot;a&quot;,&quot;a&quot;)" methodname="RemoveFirstLastTest" classname="Open_Lab_04._03.Tests" runstate="Runnable" seed="1704563804" result="Passed" start-time="2021-11-05 07:46:56Z" end-time="2021-11-05 07:46:56Z" duration="0.000916" asserts="1" />
            <test-case id="1006" name="RemoveFirstLastTest(&quot;rucaq&quot;,&quot;uca&quot;)" fullname="Open_Lab_04._03.Tests.RemoveFirstLastTest(&quot;rucaq&quot;,&quot;uca&quot;)" methodname="RemoveFirstLastTest" classname="Open_Lab_04._03.Tests" runstate="Runnable" seed="720432642" result="Passed" start-time="2021-11-05 07:46:56Z" end-time="2021-11-05 07:46:56Z" duration="0.000265" asserts="1" />
            <test-case id="1007" name="RemoveFirstLastTest(&quot;uyxjlen&quot;,&quot;yxjle&quot;)" fullname="Open_Lab_04._03.Tests.RemoveFirstLastTest(&quot;uyxjlen&quot;,&quot;yxjle&quot;)" methodname="RemoveFirstLastTest" classname="Open_Lab_04._03.Tests" runstate="Runnable" seed="1129707127" result="Passed" start-time="2021-11-05 07:46:56Z" end-time="2021-11-05 07:46:56Z" duration="0.000237" asserts="1" />
            <test-case id="1008" name="RemoveFirstLastTest(&quot;vgkqncnhoa&quot;,&quot;gkqncnho&quot;)" fullname="Open_Lab_04._03.Tests.RemoveFirstLastTest(&quot;vgkqncnhoa&quot;,&quot;gkqncnho&quot;)" methodname="RemoveFirstLastTest" classname="Open_Lab_04._03.Tests" runstate="Runnable" seed="1851770127" result="Passed" start-time="2021-11-05 07:46:56Z" end-time="2021-11-05 07:46:56Z" duration="0.000269" asserts="1" />
            <test-case id="1009" name="RemoveFirstLastTest(&quot;cecpmwuvqda&quot;,&quot;ecpmwuvqd&quot;)" fullname="Open_Lab_04._03.Tests.RemoveFirstLastTest(&quot;cecpmwuvqda&quot;,&quot;ecpmwuvqd&quot;)" methodname="RemoveFirstLastTest" classname="Open_Lab_04._03.Tests" runstate="Runnable" seed="1673339774" result="Passed" start-time="2021-11-05 07:46:56Z" end-time="2021-11-05 07:46:56Z" duration="0.000208" asserts="1" />
            <test-case id="1010" name="RemoveFirstLastTest(&quot;eckgjglxktx&quot;,&quot;ckgjglxkt&quot;)" fullname="Open_Lab_04._03.Tests.RemoveFirstLastTest(&quot;eckgjglxktx&quot;,&quot;ckgjglxkt&quot;)" methodname="RemoveFirstLastTest" classname="Open_Lab_04._03.Tests" runstate="Runnable" seed="1688441459" result="Passed" start-time="2021-11-05 07:46:56Z" end-time="2021-11-05 07:46:56Z" duration="0.000246" asserts="1" />
            <test-case id="1011" name="RemoveFirstLastTest(&quot;hrvbq&quot;,&quot;rvb&quot;)" fullname="Open_Lab_04._03.Tests.RemoveFirstLastTest(&quot;hrvbq&quot;,&quot;rvb&quot;)" methodname="RemoveFirstLastTest" classname="Open_Lab_04._03.Tests" runstate="Runnable" seed="1497946287" result="Passed" start-time="2021-11-05 07:46:56Z" end-time="2021-11-05 07:46:56Z" duration="0.000333" asserts="1" />
            <test-case id="1012" name="RemoveFirstLastTest(&quot;jfbiohrilmqi&quot;,&quot;fbiohrilmq&quot;)" fullname="Open_Lab_04._03.Tests.RemoveFirstLastTest(&quot;jfbiohrilmqi&quot;,&quot;fbiohrilmq&quot;)" methodname="RemoveFirstLastTest" classname="Open_Lab_04._03.Tests" runstate="Runnable" seed="1897775902" result="Passed" start-time="2021-11-05 07:46:56Z" end-time="2021-11-05 07:46:56Z" duration="0.001735" asserts="1" />
            <test-case id="1013" name="RemoveFirstLastTest(&quot;mvofocweaddhjg&quot;,&quot;vofocweaddhj&quot;)" fullname="Open_Lab_04._03.Tests.RemoveFirstLastTest(&quot;mvofocweaddhjg&quot;,&quot;vofocweaddhj&quot;)" methodname="RemoveFirstLastTest" classname="Open_Lab_04._03.Tests" runstate="Runnable" seed="55876371" result="Passed" start-time="2021-11-05 07:46:56Z" end-time="2021-11-05 07:46:56Z" duration="0.000202" asserts="1" />
            <test-case id="1014" name="RemoveFirstLastTest(&quot;ivbsewuupwodo&quot;,&quot;vbsewuupwod&quot;)" fullname="Open_Lab_04._03.Tests.RemoveFirstLastTest(&quot;ivbsewuupwodo&quot;,&quot;vbsewuupwod&quot;)" methodname="RemoveFirstLastTest" classname="Open_Lab_04._03.Tests" runstate="Runnable" seed="1169823544" result="Passed" start-time="2021-11-05 07:46:56Z" end-time="2021-11-05 07:46:56Z" duration="0.000107" asserts="1" />
            <test-case id="1015" name="RemoveFirstLastTest(&quot;v&quot;,&quot;v&quot;)" fullname="Open_Lab_04._03.Tests.RemoveFirstLastTest(&quot;v&quot;,&quot;v&quot;)" methodname="RemoveFirstLastTest" classname="Open_Lab_04._03.Tests" runstate="Runnable" seed="69870206" result="Passed" start-time="2021-11-05 07:46:56Z" end-time="2021-11-05 07:46:56Z" duration="0.000113" asserts="1" />
            <test-case id="1016" name="RemoveFirstLastTest(&quot;gbwllslgzupicyb&quot;,&quot;bwllslgzupicy&quot;)" fullname="Open_Lab_04._03.Tests.RemoveFirstLastTest(&quot;gbwllslgzupicyb&quot;,&quot;bwllslgzupicy&quot;)" methodname="RemoveFirstLastTest" classname="Open_Lab_04._03.Tests" runstate="Runnable" seed="1361083595" result="Passed" start-time="2021-11-05 07:46:56Z" end-time="2021-11-05 07:46:56Z" duration="0.000117" asserts="1" />
            <test-case id="1017" name="RemoveFirstLastTest(&quot;bwz&quot;,&quot;w&quot;)" fullname="Open_Lab_04._03.Tests.RemoveFirstLastTest(&quot;bwz&quot;,&quot;w&quot;)" methodname="RemoveFirstLastTest" classname="Open_Lab_04._03.Tests" runstate="Runnable" seed="2035922433" result="Passed" start-time="2021-11-05 07:46:56Z" end-time="2021-11-05 07:46:56Z" duration="0.000110" asserts="1" />
            <test-case id="1018" name="RemoveFirstLastTest(&quot;lyezrayjzz&quot;,&quot;yezrayjz&quot;)" fullname="Open_Lab_04._03.Tests.RemoveFirstLastTest(&quot;lyezrayjzz&quot;,&quot;yezrayjz&quot;)" methodname="RemoveFirstLastTest" classname="Open_Lab_04._03.Tests" runstate="Runnable" seed="1242895521" result="Passed" start-time="2021-11-05 07:46:56Z" end-time="2021-11-05 07:46:56Z" duration="0.000097" asserts="1" />
            <test-case id="1019" name="RemoveFirstLastTest(&quot;dfewf&quot;,&quot;few&quot;)" fullname="Open_Lab_04._03.Tests.RemoveFirstLastTest(&quot;dfewf&quot;,&quot;few&quot;)" methodname="RemoveFirstLastTest" classname="Open_Lab_04._03.Tests" runstate="Runnable" seed="661493914" result="Passed" start-time="2021-11-05 07:46:56Z" end-time="2021-11-05 07:46:56Z" duration="0.000113" asserts="1" />
            <test-case id="1020" name="RemoveFirstLastTest(&quot;vjqjutkh&quot;,&quot;jqjutk&quot;)" fullname="Open_Lab_04._03.Tests.RemoveFirstLastTest(&quot;vjqjutkh&quot;,&quot;jqjutk&quot;)" methodname="RemoveFirstLastTest" classname="Open_Lab_04._03.Tests" runstate="Runnable" seed="1025809399" result="Passed" start-time="2021-11-05 07:46:56Z" end-time="2021-11-05 07:46:56Z" duration="0.000117" asserts="1" />
            <test-case id="1021" name="RemoveFirstLastTest(&quot;srujcrb&quot;,&quot;rujcr&quot;)" fullname="Open_Lab_04._03.Tests.RemoveFirstLastTest(&quot;srujcrb&quot;,&quot;rujcr&quot;)" methodname="RemoveFirstLastTest" classname="Open_Lab_04._03.Tests" runstate="Runnable" seed="334802041" result="Passed" start-time="2021-11-05 07:46:56Z" end-time="2021-11-05 07:46:56Z" duration="0.001163" asserts="1" />
            <test-case id="1022" name="RemoveFirstLastTest(&quot;nix&quot;,&quot;i&quot;)" fullname="Open_Lab_04._03.Tests.RemoveFirstLastTest(&quot;nix&quot;,&quot;i&quot;)" methodname="RemoveFirstLastTest" classname="Open_Lab_04._03.Tests" runstate="Runnable" seed="1618496388" result="Passed" start-time="2021-11-05 07:46:56Z" end-time="2021-11-05 07:46:56Z" duration="0.000181" asserts="1" />
            <test-case id="1023" name="RemoveFirstLastTest(&quot;tlucgzmmdybvsf&quot;,&quot;lucgzmmdybvs&quot;)" fullname="Open_Lab_04._03.Tests.RemoveFirstLastTest(&quot;tlucgzmmdybvsf&quot;,&quot;lucgzmmdybvs&quot;)" methodname="RemoveFirstLastTest" classname="Open_Lab_04._03.Tests" runstate="Runnable" seed="483217265" result="Passed" start-time="2021-11-05 07:46:56Z" end-time="2021-11-05 07:46:56Z" duration="0.000148" asserts="1" />
            <test-case id="1024" name="RemoveFirstLastTest(&quot;jhqetsgh&quot;,&quot;hqetsg&quot;)" fullname="Open_Lab_04._03.Tests.RemoveFirstLastTest(&quot;jhqetsgh&quot;,&quot;hqetsg&quot;)" methodname="RemoveFirstLastTest" classname="Open_Lab_04._03.Tests" runstate="Runnable" seed="665601877" result="Passed" start-time="2021-11-05 07:46:56Z" end-time="2021-11-05 07:46:56Z" duration="0.000263" asserts="1" />
            <test-case id="1025" name="RemoveFirstLastTest(&quot;oqxqb&quot;,&quot;qxq&quot;)" fullname="Open_Lab_04._03.Tests.RemoveFirstLastTest(&quot;oqxqb&quot;,&quot;qxq&quot;)" methodname="RemoveFirstLastTest" classname="Open_Lab_04._03.Tests" runstate="Runnable" seed="1381703960" result="Passed" start-time="2021-11-05 07:46:56Z" end-time="2021-11-05 07:46:56Z" duration="0.000126" asserts="1" />
            <test-case id="1026" name="RemoveFirstLastTest(&quot;q&quot;,&quot;q&quot;)" fullname="Open_Lab_04._03.Tests.RemoveFirstLastTest(&quot;q&quot;,&quot;q&quot;)" methodname="RemoveFirstLastTest" classname="Open_Lab_04._03.Tests" runstate="Runnable" seed="807951163" result="Passed" start-time="2021-11-05 07:46:56Z" end-time="2021-11-05 07:46:56Z" duration="0.000096" asserts="1" />
            <test-case id="1027" name="RemoveFirstLastTest(&quot;ipbxwgnux&quot;,&quot;pbxwgnu&quot;)" fullname="Open_Lab_04._03.Tests.RemoveFirstLastTest(&quot;ipbxwgnux&quot;,&quot;pbxwgnu&quot;)" methodname="RemoveFirstLastTest" classname="Open_Lab_04._03.Tests" runstate="Runnable" seed="1971272242" result="Passed" start-time="2021-11-05 07:46:56Z" end-time="2021-11-05 07:46:56Z" duration="0.000110" asserts="1" />
            <test-case id="1028" name="RemoveFirstLastTest(&quot;iupzrwdrxxed&quot;,&quot;upzrwdrxxe&quot;)" fullname="Open_Lab_04._03.Tests.RemoveFirstLastTest(&quot;iupzrwdrxxed&quot;,&quot;upzrwdrxxe&quot;)" methodname="RemoveFirstLastTest" classname="Open_Lab_04._03.Tests" runstate="Runnable" seed="1774133057" result="Passed" start-time="2021-11-05 07:46:56Z" end-time="2021-11-05 07:46:56Z" duration="0.000126" asserts="1" />
            <test-case id="1029" name="RemoveFirstLastTest(&quot;ndm&quot;,&quot;d&quot;)" fullname="Open_Lab_04._03.Tests.RemoveFirstLastTest(&quot;ndm&quot;,&quot;d&quot;)" methodname="RemoveFirstLastTest" classname="Open_Lab_04._03.Tests" runstate="Runnable" seed="1572501954" result="Passed" start-time="2021-11-05 07:46:56Z" end-time="2021-11-05 07:46:56Z" duration="0.000128" asserts="1" />
            <test-case id="1030" name="RemoveFirstLastTest(&quot;qbwlchnnd&quot;,&quot;bwlchnn&quot;)" fullname="Open_Lab_04._03.Tests.RemoveFirstLastTest(&quot;qbwlchnnd&quot;,&quot;bwlchnn&quot;)" methodname="RemoveFirstLastTest" classname="Open_Lab_04._03.Tests" runstate="Runnable" seed="674763156" result="Passed" start-time="2021-11-05 07:46:56Z" end-time="2021-11-05 07:46:56Z" duration="0.000098" asserts="1" />
            <test-case id="1031" name="RemoveFirstLastTest(&quot;pna&quot;,&quot;n&quot;)" fullname="Open_Lab_04._03.Tests.RemoveFirstLastTest(&quot;pna&quot;,&quot;n&quot;)" methodname="RemoveFirstLastTest" classname="Open_Lab_04._03.Tests" runstate="Runnable" seed="1701072466" result="Passed" start-time="2021-11-05 07:46:56Z" end-time="2021-11-05 07:46:56Z" duration="0.000110" asserts="1" />
            <test-case id="1032" name="RemoveFirstLastTest(&quot;kw&quot;,&quot;&quot;)" fullname="Open_Lab_04._03.Tests.RemoveFirstLastTest(&quot;kw&quot;,&quot;&quot;)" methodname="RemoveFirstLastTest" classname="Open_Lab_04._03.Tests" runstate="Runnable" seed="101554149" result="Passed" start-time="2021-11-05 07:46:56Z" end-time="2021-11-05 07:46:56Z" duration="0.000112" asserts="1" />
            <test-case id="1033" name="RemoveFirstLastTest(&quot;xnrozbmjctjeko&quot;,&quot;nrozbmjctjek&quot;)" fullname="Open_Lab_04._03.Tests.RemoveFirstLastTest(&quot;xnrozbmjctjeko&quot;,&quot;nrozbmjctjek&quot;)" methodname="RemoveFirstLastTest" classname="Open_Lab_04._03.Tests" runstate="Runnable" seed="520285048" result="Passed" start-time="2021-11-05 07:46:56Z" end-time="2021-11-05 07:46:56Z" duration="0.000124" asserts="1" />
            <test-case id="1034" name="RemoveFirstLastTest(&quot;jrxsajfnbmor&quot;,&quot;rxsajfnbmo&quot;)" fullname="Open_Lab_04._03.Tests.RemoveFirstLastTest(&quot;jrxsajfnbmor&quot;,&quot;rxsajfnbmo&quot;)" methodname="RemoveFirstLastTest" classname="Open_Lab_04._03.Tests" runstate="Runnable" seed="204203265" result="Passed" start-time="2021-11-05 07:46:56Z" end-time="2021-11-05 07:46:56Z" duration="0.001192" asserts="1" />
            <test-case id="1035" name="RemoveFirstLastTest(&quot;ewuthgpqv&quot;,&quot;wuthgpq&quot;)" fullname="Open_Lab_04._03.Tests.RemoveFirstLastTest(&quot;ewuthgpqv&quot;,&quot;wuthgpq&quot;)" methodname="RemoveFirstLastTest" classname="Open_Lab_04._03.Tests" runstate="Runnable" seed="2008753829" result="Passed" start-time="2021-11-05 07:46:56Z" end-time="2021-11-05 07:46:56Z" duration="0.000101" asserts="1" />
            <test-case id="1036" name="RemoveFirstLastTest(&quot;r&quot;,&quot;r&quot;)" fullname="Open_Lab_04._03.Tests.RemoveFirstLastTest(&quot;r&quot;,&quot;r&quot;)" methodname="RemoveFirstLastTest" classname="Open_Lab_04._03.Tests" runstate="Runnable" seed="484733839" result="Passed" start-time="2021-11-05 07:46:56Z" end-time="2021-11-05 07:46:56Z" duration="0.000115" asserts="1" />
            <test-case id="1037" name="RemoveFirstLastTest(&quot;k&quot;,&quot;k&quot;)" fullname="Open_Lab_04._03.Tests.RemoveFirstLastTest(&quot;k&quot;,&quot;k&quot;)" methodname="RemoveFirstLastTest" classname="Open_Lab_04._03.Tests" runstate="Runnable" seed="276607307" result="Passed" start-time="2021-11-05 07:46:56Z" end-time="2021-11-05 07:46:56Z" duration="0.000115" asserts="1" />
            <test-case id="1038" name="RemoveFirstLastTest(&quot;z&quot;,&quot;z&quot;)" fullname="Open_Lab_04._03.Tests.RemoveFirstLastTest(&quot;z&quot;,&quot;z&quot;)" methodname="RemoveFirstLastTest" classname="Open_Lab_04._03.Tests" runstate="Runnable" seed="1847883159" result="Passed" start-time="2021-11-05 07:46:56Z" end-time="2021-11-05 07:46:56Z" duration="0.000108" asserts="1" />
            <test-case id="1039" name="RemoveFirstLastTest(&quot;eisqvejfs&quot;,&quot;isqvejf&quot;)" fullname="Open_Lab_04._03.Tests.RemoveFirstLastTest(&quot;eisqvejfs&quot;,&quot;isqvejf&quot;)" methodname="RemoveFirstLastTest" classname="Open_Lab_04._03.Tests" runstate="Runnable" seed="1404291157" result="Passed" start-time="2021-11-05 07:46:56Z" end-time="2021-11-05 07:46:56Z" duration="0.000095" asserts="1" />
            <test-case id="1040" name="RemoveFirstLastTest(&quot;orzqckjyfgyqx&quot;,&quot;rzqckjyfgyq&quot;)" fullname="Open_Lab_04._03.Tests.RemoveFirstLastTest(&quot;orzqckjyfgyqx&quot;,&quot;rzqckjyfgyq&quot;)" methodname="RemoveFirstLastTest" classname="Open_Lab_04._03.Tests" runstate="Runnable" seed="1089401113" result="Passed" start-time="2021-11-05 07:46:56Z" end-time="2021-11-05 07:46:56Z" duration="0.000248" asserts="1" />
            <test-case id="1041" name="RemoveFirstLastTest(&quot;yeo&quot;,&quot;e&quot;)" fullname="Open_Lab_04._03.Tests.RemoveFirstLastTest(&quot;yeo&quot;,&quot;e&quot;)" methodname="RemoveFirstLastTest" classname="Open_Lab_04._03.Tests" runstate="Runnable" seed="509875227" result="Passed" start-time="2021-11-05 07:46:56Z" end-time="2021-11-05 07:46:56Z" duration="0.000191" asserts="1" />
            <test-case id="1042" name="RemoveFirstLastTest(&quot;grqhgyxdvb&quot;,&quot;rqhgyxdv&quot;)" fullname="Open_Lab_04._03.Tests.RemoveFirstLastTest(&quot;grqhgyxdvb&quot;,&quot;rqhgyxdv&quot;)" methodname="RemoveFirstLastTest" classname="Open_Lab_04._03.Tests" runstate="Runnable" seed="794813136" result="Passed" start-time="2021-11-05 07:46:56Z" end-time="2021-11-05 07:46:56Z" duration="0.000178" asserts="1" />
            <test-case id="1043" name="RemoveFirstLastTest(&quot;anpbmsyqeyg&quot;,&quot;npbmsyqey&quot;)" fullname="Open_Lab_04._03.Tests.RemoveFirstLastTest(&quot;anpbmsyqeyg&quot;,&quot;npbmsyqey&quot;)" methodname="RemoveFirstLastTest" classname="Open_Lab_04._03.Tests" runstate="Runnable" seed="1364930762" result="Passed" start-time="2021-11-05 07:46:56Z" end-time="2021-11-05 07:46:56Z" duration="0.000266" asserts="1" />
            <test-case id="1044" name="RemoveFirstLastTest(&quot;mwtqnlorrq&quot;,&quot;wtqnlorr&quot;)" fullname="Open_Lab_04._03.Tests.RemoveFirstLastTest(&quot;mwtqnlorrq&quot;,&quot;wtqnlorr&quot;)" methodname="RemoveFirstLastTest" classname="Open_Lab_04._03.Tests" runstate="Runnable" seed="1668467646" result="Passed" start-time="2021-11-05 07:46:56Z" end-time="2021-11-05 07:46:56Z" duration="0.000497" asserts="1" />
            <test-case id="1045" name="RemoveFirstLastTest(&quot;yaeglbsyphf&quot;,&quot;aeglbsyph&quot;)" fullname="Open_Lab_04._03.Tests.RemoveFirstLastTest(&quot;yaeglbsyphf&quot;,&quot;aeglbsyph&quot;)" methodname="RemoveFirstLastTest" classname="Open_Lab_04._03.Tests" runstate="Runnable" seed="1935423687" result="Passed" start-time="2021-11-05 07:46:56Z" end-time="2021-11-05 07:46:56Z" duration="0.000485" asserts="1" />
            <test-case id="1046" name="RemoveFirstLastTest(&quot;sip&quot;,&quot;i&quot;)" fullname="Open_Lab_04._03.Tests.RemoveFirstLastTest(&quot;sip&quot;,&quot;i&quot;)" methodname="RemoveFirstLastTest" classname="Open_Lab_04._03.Tests" runstate="Runnable" seed="1249170701" result="Passed" start-time="2021-11-05 07:46:56Z" end-time="2021-11-05 07:46:56Z" duration="0.000232" asserts="1" />
            <test-case id="1047" name="RemoveFirstLastTest(&quot;lanjtaa&quot;,&quot;anjta&quot;)" fullname="Open_Lab_04._03.Tests.RemoveFirstLastTest(&quot;lanjtaa&quot;,&quot;anjta&quot;)" methodname="RemoveFirstLastTest" classname="Open_Lab_04._03.Tests" runstate="Runnable" seed="1423149611" result="Passed" start-time="2021-11-05 07:46:56Z" end-time="2021-11-05 07:46:56Z" duration="0.000109" asserts="1" />
            <test-case id="1048" name="RemoveFirstLastTest(&quot;lmi&quot;,&quot;m&quot;)" fullname="Open_Lab_04._03.Tests.RemoveFirstLastTest(&quot;lmi&quot;,&quot;m&quot;)" methodname="RemoveFirstLastTest" classname="Open_Lab_04._03.Tests" runstate="Runnable" seed="1789374022" result="Passed" start-time="2021-11-05 07:46:56Z" end-time="2021-11-05 07:46:56Z" duration="0.000098" asserts="1" />
            <test-case id="1049" name="RemoveFirstLastTest(&quot;sgjbkv&quot;,&quot;gjbk&quot;)" fullname="Open_Lab_04._03.Tests.RemoveFirstLastTest(&quot;sgjbkv&quot;,&quot;gjbk&quot;)" methodname="RemoveFirstLastTest" classname="Open_Lab_04._03.Tests" runstate="Runnable" seed="891466288" result="Passed" start-time="2021-11-05 07:46:56Z" end-time="2021-11-05 07:46:56Z" duration="0.000141" asserts="1" />
            <test-case id="1050" name="RemoveFirstLastTest(&quot;ahlmomzqjg&quot;,&quot;hlmomzqj&quot;)" fullname="Open_Lab_04._03.Tests.RemoveFirstLastTest(&quot;ahlmomzqjg&quot;,&quot;hlmomzqj&quot;)" methodname="RemoveFirstLastTest" classname="Open_Lab_04._03.Tests" runstate="Runnable" seed="1081760984" result="Passed" start-time="2021-11-05 07:46:56Z" end-time="2021-11-05 07:46:56Z" duration="0.000134" asserts="1" />
            <test-case id="1051" name="RemoveFirstLastTest(&quot;bhyadrdgyya&quot;,&quot;hyadrdgyy&quot;)" fullname="Open_Lab_04._03.Tests.RemoveFirstLastTest(&quot;bhyadrdgyya&quot;,&quot;hyadrdgyy&quot;)" methodname="RemoveFirstLastTest" classname="Open_Lab_04._03.Tests" runstate="Runnable" seed="1282146924" result="Passed" start-time="2021-11-05 07:46:56Z" end-time="2021-11-05 07:46:56Z" duration="0.000124" asserts="1" />
            <test-case id="1052" name="RemoveFirstLastTest(&quot;v&quot;,&quot;v&quot;)" fullname="Open_Lab_04._03.Tests.RemoveFirstLastTest(&quot;v&quot;,&quot;v&quot;)" methodname="RemoveFirstLastTest" classname="Open_Lab_04._03.Tests" runstate="Runnable" seed="2067817157" result="Passed" start-time="2021-11-05 07:46:56Z" end-time="2021-11-05 07:46:56Z" duration="0.000181" asserts="1" />
            <test-case id="1053" name="RemoveFirstLastTest(&quot;sigixduwrodznyw&quot;,&quot;igixduwrodzny&quot;)" fullname="Open_Lab_04._03.Tests.RemoveFirstLastTest(&quot;sigixduwrodznyw&quot;,&quot;igixduwrodzny&quot;)" methodname="RemoveFirstLastTest" classname="Open_Lab_04._03.Tests" runstate="Runnable" seed="885893023" result="Passed" start-time="2021-11-05 07:46:56Z" end-time="2021-11-05 07:46:56Z" duration="0.000362" asserts="1" />
            <test-case id="1054" name="RemoveFirstLastTest(&quot;jryulbkrdryd&quot;,&quot;ryulbkrdry&quot;)" fullname="Open_Lab_04._03.Tests.RemoveFirstLastTest(&quot;jryulbkrdryd&quot;,&quot;ryulbkrdry&quot;)" methodname="RemoveFirstLastTest" classname="Open_Lab_04._03.Tests" runstate="Runnable" seed="16271205" result="Passed" start-time="2021-11-05 07:46:56Z" end-time="2021-11-05 07:46:56Z" duration="0.000518" asserts="1" />
            <test-case id="1055" name="RemoveFirstLastTest(&quot;sahqnvdtilcwep&quot;,&quot;ahqnvdtilcwe&quot;)" fullname="Open_Lab_04._03.Tests.RemoveFirstLastTest(&quot;sahqnvdtilcwep&quot;,&quot;ahqnvdtilcwe&quot;)" methodname="RemoveFirstLastTest" classname="Open_Lab_04._03.Tests" runstate="Runnable" seed="1741471899" result="Passed" start-time="2021-11-05 07:46:56Z" end-time="2021-11-05 07:46:56Z" duration="0.000533" asserts="1" />
            <test-case id="1056" name="RemoveFirstLastTest(&quot;wdeekf&quot;,&quot;deek&quot;)" fullname="Open_Lab_04._03.Tests.RemoveFirstLastTest(&quot;wdeekf&quot;,&quot;deek&quot;)" methodname="RemoveFirstLastTest" classname="Open_Lab_04._03.Tests" runstate="Runnable" seed="896945420" result="Passed" start-time="2021-11-05 07:46:56Z" end-time="2021-11-05 07:46:56Z" duration="0.000198" asserts="1" />
            <test-case id="1057" name="RemoveFirstLastTest(&quot;ibanrxoef&quot;,&quot;banrxoe&quot;)" fullname="Open_Lab_04._03.Tests.RemoveFirstLastTest(&quot;ibanrxoef&quot;,&quot;banrxoe&quot;)" methodname="RemoveFirstLastTest" classname="Open_Lab_04._03.Tests" runstate="Runnable" seed="326019563" result="Passed" start-time="2021-11-05 07:46:56Z" end-time="2021-11-05 07:46:56Z" duration="0.000451" asserts="1" />
            <test-case id="1058" name="RemoveFirstLastTest(&quot;razn&quot;,&quot;az&quot;)" fullname="Open_Lab_04._03.Tests.RemoveFirstLastTest(&quot;razn&quot;,&quot;az&quot;)" methodname="RemoveFirstLastTest" classname="Open_Lab_04._03.Tests" runstate="Runnable" seed="587380725" result="Passed" start-time="2021-11-05 07:46:56Z" end-time="2021-11-05 07:46:56Z" duration="0.000190" asserts="1" />
            <test-case id="1059" name="RemoveFirstLastTest(&quot;izdtzafvxhmau&quot;,&quot;zdtzafvxhma&quot;)" fullname="Open_Lab_04._03.Tests.RemoveFirstLastTest(&quot;izdtzafvxhmau&quot;,&quot;zdtzafvxhma&quot;)" methodname="RemoveFirstLastTest" classname="Open_Lab_04._03.Tests" runstate="Runnable" seed="928006768" result="Passed" start-time="2021-11-05 07:46:56Z" end-time="2021-11-05 07:46:56Z" duration="0.000152" asserts="1" />
            <test-case id="1060" name="RemoveFirstLastTest(&quot;nutqdrfpaeffdfx&quot;,&quot;utqdrfpaeffdf&quot;)" fullname="Open_Lab_04._03.Tests.RemoveFirstLastTest(&quot;nutqdrfpaeffdfx&quot;,&quot;utqdrfpaeffdf&quot;)" methodname="RemoveFirstLastTest" classname="Open_Lab_04._03.Tests" runstate="Runnable" seed="501864940" result="Passed" start-time="2021-11-05 07:46:56Z" end-time="2021-11-05 07:46:56Z" duration="0.000132" asserts="1" />
            <test-case id="1061" name="RemoveFirstLastTest(&quot;epw&quot;,&quot;p&quot;)" fullname="Open_Lab_04._03.Tests.RemoveFirstLastTest(&quot;epw&quot;,&quot;p&quot;)" methodname="RemoveFirstLastTest" classname="Open_Lab_04._03.Tests" runstate="Runnable" seed="896644047" result="Passed" start-time="2021-11-05 07:46:56Z" end-time="2021-11-05 07:46:56Z" duration="0.000106" asserts="1" />
            <test-case id="1062" name="RemoveFirstLastTest(&quot;v&quot;,&quot;v&quot;)" fullname="Open_Lab_04._03.Tests.RemoveFirstLastTest(&quot;v&quot;,&quot;v&quot;)" methodname="RemoveFirstLastTest" classname="Open_Lab_04._03.Tests" runstate="Runnable" seed="1503057717" result="Passed" start-time="2021-11-05 07:46:56Z" end-time="2021-11-05 07:46:56Z" duration="0.000237" asserts="1" />
            <test-case id="1063" name="RemoveFirstLastTest(&quot;brg&quot;,&quot;r&quot;)" fullname="Open_Lab_04._03.Tests.RemoveFirstLastTest(&quot;brg&quot;,&quot;r&quot;)" methodname="RemoveFirstLastTest" classname="Open_Lab_04._03.Tests" runstate="Runnable" seed="279268173" result="Passed" start-time="2021-11-05 07:46:56Z" end-time="2021-11-05 07:46:56Z" duration="0.000142" asserts="1" />
            <test-case id="1064" name="RemoveFirstLastTest(&quot;dgdgfxtes&quot;,&quot;gdgfxte&quot;)" fullname="Open_Lab_04._03.Tests.RemoveFirstLastTest(&quot;dgdgfxtes&quot;,&quot;gdgfxte&quot;)" methodname="RemoveFirstLastTest" classname="Open_Lab_04._03.Tests" runstate="Runnable" seed="998576618" result="Passed" start-time="2021-11-05 07:46:56Z" end-time="2021-11-05 07:46:56Z" duration="0.000267" asserts="1" />
            <test-case id="1065" name="RemoveFirstLastTest(&quot;yjwwqsz&quot;,&quot;jwwqs&quot;)" fullname="Open_Lab_04._03.Tests.RemoveFirstLastTest(&quot;yjwwqsz&quot;,&quot;jwwqs&quot;)" methodname="RemoveFirstLastTest" classname="Open_Lab_04._03.Tests" runstate="Runnable" seed="2134852640" result="Passed" start-time="2021-11-05 07:46:56Z" end-time="2021-11-05 07:46:56Z" duration="0.000227" asserts="1" />
            <test-case id="1066" name="RemoveFirstLastTest(&quot;nuwzxsdwduejtck&quot;,&quot;uwzxsdwduejtc&quot;)" fullname="Open_Lab_04._03.Tests.RemoveFirstLastTest(&quot;nuwzxsdwduejtck&quot;,&quot;uwzxsdwduejtc&quot;)" methodname="RemoveFirstLastTest" classname="Open_Lab_04._03.Tests" runstate="Runnable" seed="1396392138" result="Passed" start-time="2021-11-05 07:46:56Z" end-time="2021-11-05 07:46:56Z" duration="0.000188" asserts="1" />
            <test-case id="1067" name="RemoveFirstLastTest(&quot;oymtzilyn&quot;,&quot;ymtzily&quot;)" fullname="Open_Lab_04._03.Tests.RemoveFirstLastTest(&quot;oymtzilyn&quot;,&quot;ymtzily&quot;)" methodname="RemoveFirstLastTest" classname="Open_Lab_04._03.Tests" runstate="Runnable" seed="1377490854" result="Passed" start-time="2021-11-05 07:46:56Z" end-time="2021-11-05 07:46:56Z" duration="0.000118" asserts="1" />
            <test-case id="1068" name="RemoveFirstLastTest(&quot;gvtajcec&quot;,&quot;vtajce&quot;)" fullname="Open_Lab_04._03.Tests.RemoveFirstLastTest(&quot;gvtajcec&quot;,&quot;vtajce&quot;)" methodname="RemoveFirstLastTest" classname="Open_Lab_04._03.Tests" runstate="Runnable" seed="1999156753" result="Passed" start-time="2021-11-05 07:46:56Z" end-time="2021-11-05 07:46:56Z" duration="0.000443" asserts="1" />
            <test-case id="1069" name="RemoveFirstLastTest(&quot;mrd&quot;,&quot;r&quot;)" fullname="Open_Lab_04._03.Tests.RemoveFirstLastTest(&quot;mrd&quot;,&quot;r&quot;)" methodname="RemoveFirstLastTest" classname="Open_Lab_04._03.Tests" runstate="Runnable" seed="1308553362" result="Passed" start-time="2021-11-05 07:46:56Z" end-time="2021-11-05 07:46:56Z" duration="0.000303" asserts="1" />
            <test-case id="1070" name="RemoveFirstLastTest(&quot;kditza&quot;,&quot;ditz&quot;)" fullname="Open_Lab_04._03.Tests.RemoveFirstLastTest(&quot;kditza&quot;,&quot;ditz&quot;)" methodname="RemoveFirstLastTest" classname="Open_Lab_04._03.Tests" runstate="Runnable" seed="1732620014" result="Passed" start-time="2021-11-05 07:46:56Z" end-time="2021-11-05 07:46:56Z" duration="0.000241" asserts="1" />
            <test-case id="1071" name="RemoveFirstLastTest(&quot;rwyhhs&quot;,&quot;wyhh&quot;)" fullname="Open_Lab_04._03.Tests.RemoveFirstLastTest(&quot;rwyhhs&quot;,&quot;wyhh&quot;)" methodname="RemoveFirstLastTest" classname="Open_Lab_04._03.Tests" runstate="Runnable" seed="1084476288" result="Passed" start-time="2021-11-05 07:46:56Z" end-time="2021-11-05 07:46:56Z" duration="0.000140" asserts="1" />
            <test-case id="1072" name="RemoveFirstLastTest(&quot;gzei&quot;,&quot;ze&quot;)" fullname="Open_Lab_04._03.Tests.RemoveFirstLastTest(&quot;gzei&quot;,&quot;ze&quot;)" methodname="RemoveFirstLastTest" classname="Open_Lab_04._03.Tests" runstate="Runnable" seed="188039274" result="Passed" start-time="2021-11-05 07:46:56Z" end-time="2021-11-05 07:46:56Z" duration="0.000135" asserts="1" />
            <test-case id="1073" name="RemoveFirstLastTest(&quot;mkmiddkceqyxwl&quot;,&quot;kmiddkceqyxw&quot;)" fullname="Open_Lab_04._03.Tests.RemoveFirstLastTest(&quot;mkmiddkceqyxwl&quot;,&quot;kmiddkceqyxw&quot;)" methodname="RemoveFirstLastTest" classname="Open_Lab_04._03.Tests" runstate="Runnable" seed="1986088011" result="Passed" start-time="2021-11-05 07:46:56Z" end-time="2021-11-05 07:46:56Z" duration="0.000158" asserts="1" />
            <test-case id="1074" name="RemoveFirstLastTest(&quot;cqqplyevkw&quot;,&quot;qqplyevk&quot;)" fullname="Open_Lab_04._03.Tests.RemoveFirstLastTest(&quot;cqqplyevkw&quot;,&quot;qqplyevk&quot;)" methodname="RemoveFirstLastTest" classname="Open_Lab_04._03.Tests" runstate="Runnable" seed="1719576448" result="Passed" start-time="2021-11-05 07:46:56Z" end-time="2021-11-05 07:46:56Z" duration="0.000136" asserts="1" />
            <test-case id="1075" name="RemoveFirstLastTest(&quot;trwydze&quot;,&quot;rwydz&quot;)" fullname="Open_Lab_04._03.Tests.RemoveFirstLastTest(&quot;trwydze&quot;,&quot;rwydz&quot;)" methodname="RemoveFirstLastTest" classname="Open_Lab_04._03.Tests" runstate="Runnable" seed="515934172" result="Passed" start-time="2021-11-05 07:46:56Z" end-time="2021-11-05 07:46:56Z" duration="0.000164" asserts="1" />
            <test-case id="1076" name="RemoveFirstLastTest(&quot;qxyvfppyebyb&quot;,&quot;xyvfppyeby&quot;)" fullname="Open_Lab_04._03.Tests.RemoveFirstLastTest(&quot;qxyvfppyebyb&quot;,&quot;xyvfppyeby&quot;)" methodname="RemoveFirstLastTest" classname="Open_Lab_04._03.Tests" runstate="Runnable" seed="1687472552" result="Passed" start-time="2021-11-05 07:46:56Z" end-time="2021-11-05 07:46:56Z" duration="0.000338" asserts="1" />
            <test-case id="1077" name="RemoveFirstLastTest(&quot;wcepiow&quot;,&quot;cepio&quot;)" fullname="Open_Lab_04._03.Tests.RemoveFirstLastTest(&quot;wcepiow&quot;,&quot;cepio&quot;)" methodname="RemoveFirstLastTest" classname="Open_Lab_04._03.Tests" runstate="Runnable" seed="253565626" result="Passed" start-time="2021-11-05 07:46:56Z" end-time="2021-11-05 07:46:56Z" duration="0.000265" asserts="1" />
            <test-case id="1078" name="RemoveFirstLastTest(&quot;hpblrksfgmytcur&quot;,&quot;pblrksfgmytcu&quot;)" fullname="Open_Lab_04._03.Tests.RemoveFirstLastTest(&quot;hpblrksfgmytcur&quot;,&quot;pblrksfgmytcu&quot;)" methodname="RemoveFirstLastTest" classname="Open_Lab_04._03.Tests" runstate="Runnable" seed="962233266" result="Passed" start-time="2021-11-05 07:46:56Z" end-time="2021-11-05 07:46:56Z" duration="0.000299" asserts="1" />
            <test-case id="1079" name="RemoveFirstLastTest(&quot;vlz&quot;,&quot;l&quot;)" fullname="Open_Lab_04._03.Tests.RemoveFirstLastTest(&quot;vlz&quot;,&quot;l&quot;)" methodname="RemoveFirstLastTest" classname="Open_Lab_04._03.Tests" runstate="Runnable" seed="877661837" result="Passed" start-time="2021-11-05 07:46:56Z" end-time="2021-11-05 07:46:56Z" duration="0.000218" asserts="1" />
            <test-case id="1080" name="RemoveFirstLastTest(&quot;aatlvbwpsjvkhv&quot;,&quot;atlvbwpsjvkh&quot;)" fullname="Open_Lab_04._03.Tests.RemoveFirstLastTest(&quot;aatlvbwpsjvkhv&quot;,&quot;atlvbwpsjvkh&quot;)" methodname="RemoveFirstLastTest" classname="Open_Lab_04._03.Tests" runstate="Runnable" seed="132533259" result="Passed" start-time="2021-11-05 07:46:56Z" end-time="2021-11-05 07:46:56Z" duration="0.000238" asserts="1" />
            <test-case id="1081" name="RemoveFirstLastTest(&quot;iwjofw&quot;,&quot;wjof&quot;)" fullname="Open_Lab_04._03.Tests.RemoveFirstLastTest(&quot;iwjofw&quot;,&quot;wjof&quot;)" methodname="RemoveFirstLastTest" classname="Open_Lab_04._03.Tests" runstate="Runnable" seed="1532285199" result="Passed" start-time="2021-11-05 07:46:56Z" end-time="2021-11-05 07:46:56Z" duration="0.000997" asserts="1" />
            <test-case id="1082" name="RemoveFirstLastTest(&quot;xozhibkatwp&quot;,&quot;ozhibkatw&quot;)" fullname="Open_Lab_04._03.Tests.RemoveFirstLastTest(&quot;xozhibkatwp&quot;,&quot;ozhibkatw&quot;)" methodname="RemoveFirstLastTest" classname="Open_Lab_04._03.Tests" runstate="Runnable" seed="181898220" result="Passed" start-time="2021-11-05 07:46:56Z" end-time="2021-11-05 07:46:56Z" duration="0.000179" asserts="1" />
            <test-case id="1083" name="RemoveFirstLastTest(&quot;y&quot;,&quot;y&quot;)" fullname="Open_Lab_04._03.Tests.RemoveFirstLastTest(&quot;y&quot;,&quot;y&quot;)" methodname="RemoveFirstLastTest" classname="Open_Lab_04._03.Tests" runstate="Runnable" seed="882666769" result="Passed" start-time="2021-11-05 07:46:56Z" end-time="2021-11-05 07:46:56Z" duration="0.000168" asserts="1" />
            <test-case id="1084" name="RemoveFirstLastTest(&quot;wqqpn&quot;,&quot;qqp&quot;)" fullname="Open_Lab_04._03.Tests.RemoveFirstLastTest(&quot;wqqpn&quot;,&quot;qqp&quot;)" methodname="RemoveFirstLastTest" classname="Open_Lab_04._03.Tests" runstate="Runnable" seed="490740970" result="Passed" start-time="2021-11-05 07:46:56Z" end-time="2021-11-05 07:46:56Z" duration="0.000111" asserts="1" />
            <test-case id="1085" name="RemoveFirstLastTest(&quot;nx&quot;,&quot;&quot;)" fullname="Open_Lab_04._03.Tests.RemoveFirstLastTest(&quot;nx&quot;,&quot;&quot;)" methodname="RemoveFirstLastTest" classname="Open_Lab_04._03.Tests" runstate="Runnable" seed="1540099879" result="Passed" start-time="2021-11-05 07:46:56Z" end-time="2021-11-05 07:46:56Z" duration="0.000120" asserts="1" />
            <test-case id="1086" name="RemoveFirstLastTest(&quot;nmhljhmxuzi&quot;,&quot;mhljhmxuz&quot;)" fullname="Open_Lab_04._03.Tests.RemoveFirstLastTest(&quot;nmhljhmxuzi&quot;,&quot;mhljhmxuz&quot;)" methodname="RemoveFirstLastTest" classname="Open_Lab_04._03.Tests" runstate="Runnable" seed="1780738956" result="Passed" start-time="2021-11-05 07:46:56Z" end-time="2021-11-05 07:46:56Z" duration="0.000101" asserts="1" />
            <test-case id="1087" name="RemoveFirstLastTest(&quot;fl&quot;,&quot;&quot;)" fullname="Open_Lab_04._03.Tests.RemoveFirstLastTest(&quot;fl&quot;,&quot;&quot;)" methodname="RemoveFirstLastTest" classname="Open_Lab_04._03.Tests" runstate="Runnable" seed="1363144773" result="Passed" start-time="2021-11-05 07:46:56Z" end-time="2021-11-05 07:46:56Z" duration="0.000125" asserts="1" />
            <test-case id="1088" name="RemoveFirstLastTest(&quot;svfrpyvhw&quot;,&quot;vfrpyvh&quot;)" fullname="Open_Lab_04._03.Tests.RemoveFirstLastTest(&quot;svfrpyvhw&quot;,&quot;vfrpyvh&quot;)" methodname="RemoveFirstLastTest" classname="Open_Lab_04._03.Tests" runstate="Runnable" seed="504013843" result="Passed" start-time="2021-11-05 07:46:56Z" end-time="2021-11-05 07:46:56Z" duration="0.000111" asserts="1" />
            <test-case id="1089" name="RemoveFirstLastTest(&quot;l&quot;,&quot;l&quot;)" fullname="Open_Lab_04._03.Tests.RemoveFirstLastTest(&quot;l&quot;,&quot;l&quot;)" methodname="RemoveFirstLastTest" classname="Open_Lab_04._03.Tests" runstate="Runnable" seed="610215013" result="Passed" start-time="2021-11-05 07:46:56Z" end-time="2021-11-05 07:46:56Z" duration="0.002673" asserts="1" />
            <test-case id="1090" name="RemoveFirstLastTest(&quot;syrt&quot;,&quot;yr&quot;)" fullname="Open_Lab_04._03.Tests.RemoveFirstLastTest(&quot;syrt&quot;,&quot;yr&quot;)" methodname="RemoveFirstLastTest" classname="Open_Lab_04._03.Tests" runstate="Runnable" seed="1111808409" result="Passed" start-time="2021-11-05 07:46:56Z" end-time="2021-11-05 07:46:56Z" duration="0.000206" asserts="1" />
            <test-case id="1091" name="RemoveFirstLastTest(&quot;awm&quot;,&quot;w&quot;)" fullname="Open_Lab_04._03.Tests.RemoveFirstLastTest(&quot;awm&quot;,&quot;w&quot;)" methodname="RemoveFirstLastTest" classname="Open_Lab_04._03.Tests" runstate="Runnable" seed="158714276" result="Passed" start-time="2021-11-05 07:46:56Z" end-time="2021-11-05 07:46:56Z" duration="0.000138" asserts="1" />
            <test-case id="1092" name="RemoveFirstLastTest(&quot;bqatgzvaqfqec&quot;,&quot;qatgzvaqfqe&quot;)" fullname="Open_Lab_04._03.Tests.RemoveFirstLastTest(&quot;bqatgzvaqfqec&quot;,&quot;qatgzvaqfqe&quot;)" methodname="RemoveFirstLastTest" classname="Open_Lab_04._03.Tests" runstate="Runnable" seed="1836710229" result="Passed" start-time="2021-11-05 07:46:56Z" end-time="2021-11-05 07:46:56Z" duration="0.000114" asserts="1" />
            <test-case id="1093" name="RemoveFirstLastTest(&quot;sxwhtsekkxatyc&quot;,&quot;xwhtsekkxaty&quot;)" fullname="Open_Lab_04._03.Tests.RemoveFirstLastTest(&quot;sxwhtsekkxatyc&quot;,&quot;xwhtsekkxaty&quot;)" methodname="RemoveFirstLastTest" classname="Open_Lab_04._03.Tests" runstate="Runnable" seed="919876391" result="Passed" start-time="2021-11-05 07:46:56Z" end-time="2021-11-05 07:46:56Z" duration="0.000138" asserts="1" />
            <test-case id="1094" name="RemoveFirstLastTest(&quot;dbiz&quot;,&quot;bi&quot;)" fullname="Open_Lab_04._03.Tests.RemoveFirstLastTest(&quot;dbiz&quot;,&quot;bi&quot;)" methodname="RemoveFirstLastTest" classname="Open_Lab_04._03.Tests" runstate="Runnable" seed="902426217" result="Passed" start-time="2021-11-05 07:46:56Z" end-time="2021-11-05 07:46:56Z" duration="0.000100" asserts="1" />
            <test-case id="1095" name="RemoveFirstLastTest(&quot;reeyjyahgvv&quot;,&quot;eeyjyahgv&quot;)" fullname="Open_Lab_04._03.Tests.RemoveFirstLastTest(&quot;reeyjyahgvv&quot;,&quot;eeyjyahgv&quot;)" methodname="RemoveFirstLastTest" classname="Open_Lab_04._03.Tests" runstate="Runnable" seed="192757066" result="Passed" start-time="2021-11-05 07:46:56Z" end-time="2021-11-05 07:46:56Z" duration="0.000110" asserts="1" />
            <test-case id="1096" name="RemoveFirstLastTest(&quot;qb&quot;,&quot;&quot;)" fullname="Open_Lab_04._03.Tests.RemoveFirstLastTest(&quot;qb&quot;,&quot;&quot;)" methodname="RemoveFirstLastTest" classname="Open_Lab_04._03.Tests" runstate="Runnable" seed="1154301157" result="Passed" start-time="2021-11-05 07:46:56Z" end-time="2021-11-05 07:46:56Z" duration="0.000151" asserts="1" />
            <test-case id="1097" name="RemoveFirstLastTest(&quot;witdtqqfcsmasum&quot;,&quot;itdtqqfcsmasu&quot;)" fullname="Open_Lab_04._03.Tests.RemoveFirstLastTest(&quot;witdtqqfcsmasum&quot;,&quot;itdtqqfcsmasu&quot;)" methodname="RemoveFirstLastTest" classname="Open_Lab_04._03.Tests" runstate="Runnable" seed="515544963" result="Passed" start-time="2021-11-05 07:46:56Z" end-time="2021-11-05 07:46:56Z" duration="0.000106" asserts="1" />
            <test-case id="1098" name="RemoveFirstLastTest(&quot;he&quot;,&quot;&quot;)" fullname="Open_Lab_04._03.Tests.RemoveFirstLastTest(&quot;he&quot;,&quot;&quot;)" methodname="RemoveFirstLastTest" classname="Open_Lab_04._03.Tests" runstate="Runnable" seed="366354144" result="Passed" start-time="2021-11-05 07:46:56Z" end-time="2021-11-05 07:46:56Z" duration="0.000125" asserts="1" />
            <test-case id="1099" name="RemoveFirstLastTest(&quot;fnsxxu&quot;,&quot;nsxx&quot;)" fullname="Open_Lab_04._03.Tests.RemoveFirstLastTest(&quot;fnsxxu&quot;,&quot;nsxx&quot;)" methodname="RemoveFirstLastTest" classname="Open_Lab_04._03.Tests" runstate="Runnable" seed="1681098653" result="Passed" start-time="2021-11-05 07:46:56Z" end-time="2021-11-05 07:46:56Z" duration="0.000196" asserts="1" />
            <test-case id="1100" name="RemoveFirstLastTest(&quot;xeocydxdjvi&quot;,&quot;eocydxdjv&quot;)" fullname="Open_Lab_04._03.Tests.RemoveFirstLastTest(&quot;xeocydxdjvi&quot;,&quot;eocydxdjv&quot;)" methodname="RemoveFirstLastTest" classname="Open_Lab_04._03.Tests" runstate="Runnable" seed="539031549" result="Passed" start-time="2021-11-05 07:46:56Z" end-time="2021-11-05 07:46:56Z" duration="0.000124" asserts="1" />
          </test-suite>
        </test-suite>
      </test-suite>
    </test-suite>
  </test-suite>
</test-run>